
> podcast-visualizer@0.1.0 dev
> next dev -p 3001

▲ Next.js 16.1.6 (Turbopack)
- Local:         http://localhost:3001
- Network:       http://192.168.1.120:3001

✓ Starting...
✓ Ready in 1237ms
  Reload env: .env
 GET / 200 in 1122ms (compile: 1063ms, render: 59ms)
 GET /apple-touch-icon-precomposed.png 404 in 205ms (compile: 177ms, render: 28ms)
 GET /apple-touch-icon.png 404 in 13ms (compile: 1982µs, render: 11ms)
 GET / 200 in 56ms (compile: 13ms, render: 42ms)
 GET / 200 in 47ms (compile: 10ms, render: 37ms)
 GET / 200 in 63ms (compile: 7ms, render: 57ms)
 GET / 200 in 34ms (compile: 8ms, render: 26ms)
 GET / 200 in 21ms (compile: 3ms, render: 17ms)
 GET / 200 in 24ms (compile: 5ms, render: 18ms)
 GET / 200 in 117ms (compile: 72ms, render: 46ms)
 GET / 200 in 34ms (compile: 8ms, render: 26ms)
 GET / 200 in 36ms (compile: 8ms, render: 28ms)
✓ Compiled in 26ms
 GET / 200 in 132ms (compile: 90ms, render: 42ms)
✓ Compiled in 23ms
 GET / 200 in 94ms (compile: 45ms, render: 49ms)
✓ Compiled in 40ms
 GET / 200 in 100ms (compile: 58ms, render: 42ms)
✓ Compiled in 89ms
✓ Compiled in 64ms
 GET / 200 in 81ms (compile: 43ms, render: 38ms)
 GET / 200 in 58ms (compile: 22ms, render: 36ms)
✓ Compiled in 99ms
 GET / 200 in 125ms (compile: 70ms, render: 55ms)
 GET / 200 in 61ms (compile: 13ms, render: 48ms)
✓ Compiled in 69ms
✓ Compiled in 15ms
 GET / 200 in 123ms (compile: 82ms, render: 41ms)
